{
  "stats": {
    "suites": 1,
    "tests": 3,
    "passes": 3,
    "pending": 0,
    "failures": 0,
    "start": "2017-03-21T06:17:37.281Z",
    "end": "2017-03-21T06:17:37.294Z",
    "duration": 13,
    "testsRegistered": 3,
    "passPercent": 100,
    "pendingPercent": 0,
    "other": 0,
    "hasOther": false,
    "skipped": 0,
    "hasSkipped": false,
    "passPercentClass": "success",
    "pendingPercentClass": "danger"
  },
  "suites": {
    "title": "",
    "suites": [
      {
        "title": "加法函数的测试",
        "suites": [],
        "tests": [
          {
            "title": "使用 expect 风格",
            "fullTitle": "加法函数的测试 使用 expect 风格",
            "timedOut": false,
            "duration": 2,
            "state": "passed",
            "speed": "fast",
            "pass": true,
            "fail": false,
            "pending": false,
            "code": "expect(add(1, 1)).to.be.equal(2);",
            "err": {},
            "isRoot": false,
            "uuid": "48d4c5f0-ddfc-465b-bf99-23bbbc687da5",
            "parentUUID": "4f208232-8c92-4108-9776-4610f5addf71",
            "skipped": false
          },
          {
            "title": "使用 should 风格",
            "fullTitle": "加法函数的测试 使用 should 风格",
            "timedOut": false,
            "duration": 0,
            "state": "passed",
            "speed": "fast",
            "pass": true,
            "fail": false,
            "pending": false,
            "code": "add(1, 1).should.equal(2);",
            "err": {},
            "isRoot": false,
            "uuid": "80cee6ff-9e7f-4654-b60b-0b37f861ee8f",
            "parentUUID": "4f208232-8c92-4108-9776-4610f5addf71",
            "skipped": false
          },
          {
            "title": "使用 assert 风格",
            "fullTitle": "加法函数的测试 使用 assert 风格",
            "timedOut": false,
            "duration": 0,
            "state": "passed",
            "speed": "fast",
            "pass": true,
            "fail": false,
            "pending": false,
            "code": "assert.equal(add(1, 1), 2);",
            "err": {},
            "isRoot": false,
            "uuid": "79af2dc6-52b1-4620-9a60-c664e69ef9f7",
            "parentUUID": "4f208232-8c92-4108-9776-4610f5addf71",
            "skipped": false
          }
        ],
        "pending": [],
        "root": false,
        "_timeout": 2000,
        "file": "\\test\\add.test.js",
        "uuid": "4f208232-8c92-4108-9776-4610f5addf71",
        "fullFile": "C:\\Users\\yhshen\\Desktop\\workspace\\WebStormProjects\\learning-unit-test\\chapter-01\\test\\add.test.js",
        "passes": [
          {
            "title": "使用 expect 风格",
            "fullTitle": "加法函数的测试 使用 expect 风格",
            "timedOut": false,
            "duration": 2,
            "state": "passed",
            "speed": "fast",
            "pass": true,
            "fail": false,
            "pending": false,
            "code": "expect(add(1, 1)).to.be.equal(2);",
            "err": {},
            "isRoot": false,
            "uuid": "48d4c5f0-ddfc-465b-bf99-23bbbc687da5",
            "parentUUID": "4f208232-8c92-4108-9776-4610f5addf71",
            "skipped": false
          },
          {
            "title": "使用 should 风格",
            "fullTitle": "加法函数的测试 使用 should 风格",
            "timedOut": false,
            "duration": 0,
            "state": "passed",
            "speed": "fast",
            "pass": true,
            "fail": false,
            "pending": false,
            "code": "add(1, 1).should.equal(2);",
            "err": {},
            "isRoot": false,
            "uuid": "80cee6ff-9e7f-4654-b60b-0b37f861ee8f",
            "parentUUID": "4f208232-8c92-4108-9776-4610f5addf71",
            "skipped": false
          },
          {
            "title": "使用 assert 风格",
            "fullTitle": "加法函数的测试 使用 assert 风格",
            "timedOut": false,
            "duration": 0,
            "state": "passed",
            "speed": "fast",
            "pass": true,
            "fail": false,
            "pending": false,
            "code": "assert.equal(add(1, 1), 2);",
            "err": {},
            "isRoot": false,
            "uuid": "79af2dc6-52b1-4620-9a60-c664e69ef9f7",
            "parentUUID": "4f208232-8c92-4108-9776-4610f5addf71",
            "skipped": false
          }
        ],
        "failures": [],
        "skipped": [],
        "hasTests": true,
        "hasSuites": false,
        "totalTests": 3,
        "totalPasses": 3,
        "totalFailures": 0,
        "totalPending": 0,
        "totalSkipped": 0,
        "hasPasses": true,
        "hasFailures": false,
        "hasPending": false,
        "hasSkipped": false,
        "duration": 2,
        "rootEmpty": false
      }
    ],
    "tests": [],
    "pending": [],
    "root": true,
    "_timeout": 2000,
    "uuid": "4dbce98b-ba49-4481-9545-aa6e6d9e6d8d",
    "fullFile": "",
    "file": "",
    "passes": [],
    "failures": [],
    "skipped": [],
    "hasTests": false,
    "hasSuites": true,
    "totalTests": 0,
    "totalPasses": 0,
    "totalFailures": 0,
    "totalPending": 0,
    "totalSkipped": 0,
    "hasPasses": false,
    "hasFailures": false,
    "hasPending": false,
    "hasSkipped": false,
    "duration": 0,
    "rootEmpty": true
  },
  "allTests": [
    {
      "title": "使用 expect 风格",
      "fullTitle": "加法函数的测试 使用 expect 风格",
      "timedOut": false,
      "duration": 2,
      "state": "passed",
      "speed": "fast",
      "pass": true,
      "fail": false,
      "pending": false,
      "code": "expect(add(1, 1)).to.be.equal(2);",
      "err": {},
      "isRoot": false,
      "uuid": "48d4c5f0-ddfc-465b-bf99-23bbbc687da5",
      "parentUUID": "4f208232-8c92-4108-9776-4610f5addf71",
      "skipped": false
    },
    {
      "title": "使用 should 风格",
      "fullTitle": "加法函数的测试 使用 should 风格",
      "timedOut": false,
      "duration": 0,
      "state": "passed",
      "speed": "fast",
      "pass": true,
      "fail": false,
      "pending": false,
      "code": "add(1, 1).should.equal(2);",
      "err": {},
      "isRoot": false,
      "uuid": "80cee6ff-9e7f-4654-b60b-0b37f861ee8f",
      "parentUUID": "4f208232-8c92-4108-9776-4610f5addf71",
      "skipped": false
    },
    {
      "title": "使用 assert 风格",
      "fullTitle": "加法函数的测试 使用 assert 风格",
      "timedOut": false,
      "duration": 0,
      "state": "passed",
      "speed": "fast",
      "pass": true,
      "fail": false,
      "pending": false,
      "code": "assert.equal(add(1, 1), 2);",
      "err": {},
      "isRoot": false,
      "uuid": "79af2dc6-52b1-4620-9a60-c664e69ef9f7",
      "parentUUID": "4f208232-8c92-4108-9776-4610f5addf71",
      "skipped": false
    }
  ],
  "allPending": [],
  "allPasses": [
    {
      "title": "使用 expect 风格",
      "fullTitle": "加法函数的测试 使用 expect 风格",
      "timedOut": false,
      "duration": 2,
      "state": "passed",
      "speed": "fast",
      "pass": true,
      "fail": false,
      "pending": false,
      "code": "expect(add(1, 1)).to.be.equal(2);",
      "err": {},
      "isRoot": false,
      "uuid": "48d4c5f0-ddfc-465b-bf99-23bbbc687da5",
      "parentUUID": "4f208232-8c92-4108-9776-4610f5addf71",
      "skipped": false
    },
    {
      "title": "使用 should 风格",
      "fullTitle": "加法函数的测试 使用 should 风格",
      "timedOut": false,
      "duration": 0,
      "state": "passed",
      "speed": "fast",
      "pass": true,
      "fail": false,
      "pending": false,
      "code": "add(1, 1).should.equal(2);",
      "err": {},
      "isRoot": false,
      "uuid": "80cee6ff-9e7f-4654-b60b-0b37f861ee8f",
      "parentUUID": "4f208232-8c92-4108-9776-4610f5addf71",
      "skipped": false
    },
    {
      "title": "使用 assert 风格",
      "fullTitle": "加法函数的测试 使用 assert 风格",
      "timedOut": false,
      "duration": 0,
      "state": "passed",
      "speed": "fast",
      "pass": true,
      "fail": false,
      "pending": false,
      "code": "assert.equal(add(1, 1), 2);",
      "err": {},
      "isRoot": false,
      "uuid": "79af2dc6-52b1-4620-9a60-c664e69ef9f7",
      "parentUUID": "4f208232-8c92-4108-9776-4610f5addf71",
      "skipped": false
    }
  ],
  "allFailures": [],
  "copyrightYear": 2017
}